Traceback (most recent call last):
  File "/Users/alexiacardona/.conda/envs/pythonProject4/lib/python3.10/site-packages/jupyter_cache/executors/utils.py", line 51, in single_nb_execution
    executenb(
  File "/Users/alexiacardona/.conda/envs/pythonProject4/lib/python3.10/site-packages/nbclient/client.py", line 1204, in execute
    return NotebookClient(nb=nb, resources=resources, km=km, **kwargs).execute()
  File "/Users/alexiacardona/.conda/envs/pythonProject4/lib/python3.10/site-packages/nbclient/util.py", line 84, in wrapped
    return just_run(coro(*args, **kwargs))
  File "/Users/alexiacardona/.conda/envs/pythonProject4/lib/python3.10/site-packages/nbclient/util.py", line 62, in just_run
    return loop.run_until_complete(coro)
  File "/Users/alexiacardona/.conda/envs/pythonProject4/lib/python3.10/asyncio/base_events.py", line 646, in run_until_complete
    return future.result()
  File "/Users/alexiacardona/.conda/envs/pythonProject4/lib/python3.10/site-packages/nbclient/client.py", line 663, in async_execute
    await self.async_execute_cell(
  File "/Users/alexiacardona/.conda/envs/pythonProject4/lib/python3.10/site-packages/nbclient/client.py", line 965, in async_execute_cell
    await self._check_raise_for_error(cell, cell_index, exec_reply)
  File "/Users/alexiacardona/.conda/envs/pythonProject4/lib/python3.10/site-packages/nbclient/client.py", line 862, in _check_raise_for_error
    raise CellExecutionError.from_cell_and_msg(cell, exec_reply_content)
nbclient.exceptions.CellExecutionError: An error occurred while executing the following cell:
------------------
while True:                                         #1
   print("1. Addition")                             #2
   print("2. Subtraction")                          #3
   print("3. Exit")                                 #4
   print("Choose operation (1-3): ", end="")        #5
   opt = int(input())                               #6
   if opt>=1 and opt<=2:                            #7
      num1 = float(input("Enter first number:"))    #8
      num2 = float(input("Enter second number:"))   #9
   if opt==1:                                       #10
      print("Result:", num1 + num2)                 #11
   elif opt==2:                                     #12
      print("Result:", num1 - num2)                 #13
   elif opt==3:                                     #14
      break                                         #15
   else:                                            #16
      print("No option available")                  #17
   print()                                          #18
                                                    #19
print("Thank you, bye!")                            #20
------------------

[0;31m---------------------------------------------------------------------------[0m
[0;31mStdinNotImplementedError[0m                  Traceback (most recent call last)
Input [0;32mIn [3][0m, in [0;36m<cell line: 1>[0;34m()[0m
[1;32m      4[0m [38;5;28mprint[39m([38;5;124m"[39m[38;5;124m3. Exit[39m[38;5;124m"[39m)                                 [38;5;66;03m#4[39;00m
[1;32m      5[0m [38;5;28mprint[39m([38;5;124m"[39m[38;5;124mChoose operation (1-3): [39m[38;5;124m"[39m, end[38;5;241m=[39m[38;5;124m"[39m[38;5;124m"[39m)        [38;5;66;03m#5[39;00m
[0;32m----> 6[0m opt [38;5;241m=[39m [38;5;28mint[39m([38;5;28;43minput[39;49m[43m([49m[43m)[49m)                               [38;5;66;03m#6[39;00m
[1;32m      7[0m [38;5;28;01mif[39;00m opt[38;5;241m>[39m[38;5;241m=[39m[38;5;241m1[39m [38;5;129;01mand[39;00m opt[38;5;241m<[39m[38;5;241m=[39m[38;5;241m2[39m:                            [38;5;66;03m#7[39;00m
[1;32m      8[0m    num1 [38;5;241m=[39m [38;5;28mfloat[39m([38;5;28minput[39m([38;5;124m"[39m[38;5;124mEnter first number:[39m[38;5;124m"[39m))    [38;5;66;03m#8[39;00m

File [0;32m~/.conda/envs/pythonProject4/lib/python3.10/site-packages/ipykernel/kernelbase.py:1174[0m, in [0;36mKernel.raw_input[0;34m(self, prompt)[0m
[1;32m   1167[0m [38;5;124;03m"""Forward raw_input to frontends[39;00m
[1;32m   1168[0m 
[1;32m   1169[0m [38;5;124;03mRaises[39;00m
[1;32m   1170[0m [38;5;124;03m------[39;00m
[1;32m   1171[0m [38;5;124;03mStdinNotImplementedError if active frontend doesn't support stdin.[39;00m
[1;32m   1172[0m [38;5;124;03m"""[39;00m
[1;32m   1173[0m [38;5;28;01mif[39;00m [38;5;129;01mnot[39;00m [38;5;28mself[39m[38;5;241m.[39m_allow_stdin:
[0;32m-> 1174[0m     [38;5;28;01mraise[39;00m StdinNotImplementedError(
[1;32m   1175[0m         [38;5;124m"[39m[38;5;124mraw_input was called, but this frontend does not support input requests.[39m[38;5;124m"[39m
[1;32m   1176[0m     )
[1;32m   1177[0m [38;5;28;01mreturn[39;00m [38;5;28mself[39m[38;5;241m.[39m_input_request(
[1;32m   1178[0m     [38;5;28mstr[39m(prompt),
[1;32m   1179[0m     [38;5;28mself[39m[38;5;241m.[39m_parent_ident[[38;5;124m"[39m[38;5;124mshell[39m[38;5;124m"[39m],
[1;32m   1180[0m     [38;5;28mself[39m[38;5;241m.[39mget_parent([38;5;124m"[39m[38;5;124mshell[39m[38;5;124m"[39m),
[1;32m   1181[0m     password[38;5;241m=[39m[38;5;28;01mFalse[39;00m,
[1;32m   1182[0m )

[0;31mStdinNotImplementedError[0m: raw_input was called, but this frontend does not support input requests.
StdinNotImplementedError: raw_input was called, but this frontend does not support input requests.

